<?xml version="1.0" encoding="utf-8"?>
<TestRun id="c2aedab0-f032-40a5-b354-c4a540bdbdc1" name="premc@PREMCHANDNS 2026-08-21 19:57:17" runUser="PREMCHANDNS\premc" xmlns="http://microsoft.com/schemas/VisualStudio/TeamTest/2010">
  <Times creation="2026-08-21T19:57:17.0333902+05:30" queuing="2026-08-21T19:57:17.0333911+05:30" start="2026-08-21T19:57:13.5244410+05:30" finish="2026-08-21T19:57:17.1088018+05:30" />
  <TestSettings name="default" id="35a0074d-d951-4ea7-af35-cec736a3b61c">
    <Deployment runDeploymentRoot="premc_PREMCHANDNS_2026-08-21_19_57_17" />
  </TestSettings>
  <Results>
    <UnitTestResult executionId="4414567b-7c1c-4892-956d-d62f150c2ff6" testId="ae1ed551-ebf5-8ff4-09a6-010a7a767483" testName="E2E_99_Full_Positive_Journey" computerName="PREMCHANDNS" duration="00:00:03.0612409" startTime="2026-08-21T19:57:13.9380066+05:30" endTime="2026-08-21T19:57:17.0137974+05:30" testType="13cdc9d9-ddb5-4fa4-a97d-d965ccfc6d4b" outcome="Failed" testListId="8c84fa94-04c1-424b-9868-57a2d4851a1d" relativeResultsDirectory="4414567b-7c1c-4892-956d-d62f150c2ff6">
      <Output>
        <StdOut>Starting ConnectCare E2E positive journey: 20260821142713960&#xD;
STEP 2: Create patient&#xD;
STEP 3: Create doctor&#xD;
STEP 4: Create nurse&#xD;
STEP 5: Assign doctor&#xD;
STEP 7: Doctor diagnosis&#xD;
STEP 8: Doctor creates medication&#xD;
STEP 9: Verify doctor and nurse medication alerts&#xD;
STEP 10: Vital round and vitals&#xD;
STEP 11: Medication administration</StdOut>
        <ErrorInfo>
          <Message>Assert.AreEqual failed. Expected:&lt;OK&gt;. Actual:&lt;NotFound&gt;. {}</Message>
          <StackTrace>   at ConnectCare.AutomationTests.Tests.PositiveClinicalJourneyTests.E2E_99_Full_Positive_Journey() in C:\VenSun\ConnectCare\automation\ApiE2E\Tests\PositiveClinicalJourneyTests.cs:line 223&#xD;
</StackTrace>
        </ErrorInfo>
      </Output>
    </UnitTestResult>
    <UnitTestResult executionId="978d7bc6-2389-4eaf-ba8c-6d22f48a3e56" testId="ec188dcd-b4c0-3b4e-1173-2e300a087dd9" testName="API_IIS_Routing_Is_Available" computerName="PREMCHANDNS" duration="00:00:00.0425068" startTime="2026-08-21T19:57:17.0220517+05:30" endTime="2026-08-21T19:57:17.0659265+05:30" testType="13cdc9d9-ddb5-4fa4-a97d-d965ccfc6d4b" outcome="Passed" testListId="8c84fa94-04c1-424b-9868-57a2d4851a1d" relativeResultsDirectory="978d7bc6-2389-4eaf-ba8c-6d22f48a3e56" />
  </Results>
  <TestDefinitions>
    <UnitTest name="API_IIS_Routing_Is_Available" storage="c:\vensun\connectcare\automation\apie2e\bin\release\net10.0\connectcare.automationtests.dll" id="ec188dcd-b4c0-3b4e-1173-2e300a087dd9">
      <TestCategory>
        <TestCategoryItem TestCategory="E2E" />
        <TestCategoryItem TestCategory="PositiveFlow" />
      </TestCategory>
      <Execution id="978d7bc6-2389-4eaf-ba8c-6d22f48a3e56" />
      <TestMethod codeBase="C:\VenSun\ConnectCare\automation\ApiE2E\bin\Release\net10.0\ConnectCare.AutomationTests.dll" adapterTypeName="executor://mstestadapter/v2" className="ConnectCare.AutomationTests.Tests.PositiveClinicalJourneyTests" name="API_IIS_Routing_Is_Available" />
    </UnitTest>
    <UnitTest name="E2E_99_Full_Positive_Journey" storage="c:\vensun\connectcare\automation\apie2e\bin\release\net10.0\connectcare.automationtests.dll" id="ae1ed551-ebf5-8ff4-09a6-010a7a767483">
      <TestCategory>
        <TestCategoryItem TestCategory="E2E" />
        <TestCategoryItem TestCategory="PositiveFlow" />
      </TestCategory>
      <Execution id="4414567b-7c1c-4892-956d-d62f150c2ff6" />
      <TestMethod codeBase="C:\VenSun\ConnectCare\automation\ApiE2E\bin\Release\net10.0\ConnectCare.AutomationTests.dll" adapterTypeName="executor://mstestadapter/v2" className="ConnectCare.AutomationTests.Tests.PositiveClinicalJourneyTests" name="E2E_99_Full_Positive_Journey" />
    </UnitTest>
  </TestDefinitions>
  <TestEntries>
    <TestEntry testId="ae1ed551-ebf5-8ff4-09a6-010a7a767483" executionId="4414567b-7c1c-4892-956d-d62f150c2ff6" testListId="8c84fa94-04c1-424b-9868-57a2d4851a1d" />
    <TestEntry testId="ec188dcd-b4c0-3b4e-1173-2e300a087dd9" executionId="978d7bc6-2389-4eaf-ba8c-6d22f48a3e56" testListId="8c84fa94-04c1-424b-9868-57a2d4851a1d" />
  </TestEntries>
  <TestLists>
    <TestList name="Results Not in a List" id="8c84fa94-04c1-424b-9868-57a2d4851a1d" />
    <TestList name="All Loaded Results" id="19431567-8539-422a-85d7-44ee4e166bda" />
  </TestLists>
  <ResultSummary outcome="Failed">
    <Counters total="2" executed="2" passed="1" failed="1" error="0" timeout="0" aborted="0" inconclusive="0" passedButRunAborted="0" notRunnable="0" notExecuted="0" disconnected="0" warning="0" completed="0" inProgress="0" pending="0" />
  </ResultSummary>
</TestRun>